2025-03-18 00:30:28,463 - token_tracker - INFO - Creating new token usage log file: C:\Projects\project-workflow-guide w git support\scripts\..\logs\token_usage\token_usage_202503.csv
2025-03-18 00:30:28,463 - token_tracker - INFO - Created new token usage summary
2025-03-18 00:30:28,464 - token_tracker - INFO - Created new token usage summary
2025-03-18 00:30:31,046 - token_tracker - DEBUG - Saved token usage summary to C:\Projects\project-workflow-guide w git support\scripts\..\logs\token_usage\token_usage_summary.json
2025-03-18 00:30:31,046 - token_tracker - DEBUG - Saved token usage summary to C:\Projects\project-workflow-guide w git support\scripts\..\logs\token_usage\token_usage_summary.json
2025-03-18 00:30:31,046 - token_tracker - INFO - Logged 873 tokens ($0.004365) for task context_priming: Test Parallel Execution
2025-03-18 00:30:33,857 - token_tracker - DEBUG - Saved token usage summary to C:\Projects\project-workflow-guide w git support\scripts\..\logs\token_usage\token_usage_summary.json
2025-03-18 00:30:33,857 - token_tracker - DEBUG - Saved token usage summary to C:\Projects\project-workflow-guide w git support\scripts\..\logs\token_usage\token_usage_summary.json
2025-03-18 00:30:33,857 - token_tracker - INFO - Logged 1094 tokens ($0.030940) for task 1: Test Parallel Execution
2025-03-18 00:30:34,362 - token_tracker - DEBUG - Saved token usage summary to C:\Projects\project-workflow-guide w git support\scripts\..\logs\token_usage\token_usage_summary.json
2025-03-18 00:30:34,362 - token_tracker - DEBUG - Saved token usage summary to C:\Projects\project-workflow-guide w git support\scripts\..\logs\token_usage\token_usage_summary.json
2025-03-18 00:30:34,362 - token_tracker - INFO - Logged 577 tokens ($0.015770) for task 1: Test Parallel Execution
2025-03-18 00:30:35,073 - token_tracker - DEBUG - Saved token usage summary to C:\Projects\project-workflow-guide w git support\scripts\..\logs\token_usage\token_usage_summary.json
2025-03-18 00:30:35,075 - token_tracker - DEBUG - Saved token usage summary to C:\Projects\project-workflow-guide w git support\scripts\..\logs\token_usage\token_usage_summary.json
2025-03-18 00:30:35,075 - token_tracker - INFO - Logged 577 tokens ($0.015770) for task 1: Test Parallel Execution
2025-03-18 02:49:43,623 - token_tracker - DEBUG - Loaded token usage summary from C:\Projects\project-workflow-guide w git support\scripts\..\logs\token_usage\token_usage_summary.json
2025-03-18 02:49:43,624 - token_tracker - DEBUG - Loaded token usage summary from C:\Projects\project-workflow-guide w git support\scripts\..\logs\token_usage\token_usage_summary.json
2025-03-18 05:38:28,270 - token_tracker - DEBUG - Loaded token usage summary from C:\Projects\project-workflow-guide w git support\scripts\..\logs\token_usage\token_usage_summary.json
2025-03-18 05:38:28,271 - token_tracker - DEBUG - Loaded token usage summary from C:\Projects\project-workflow-guide w git support\scripts\..\logs\token_usage\token_usage_summary.json
2025-03-18 05:39:10,368 - token_tracker - DEBUG - Loaded token usage summary from C:\Projects\project-workflow-guide w git support\scripts\..\logs\token_usage\token_usage_summary.json
2025-03-18 05:39:10,369 - token_tracker - DEBUG - Loaded token usage summary from C:\Projects\project-workflow-guide w git support\scripts\..\logs\token_usage\token_usage_summary.json
2025-03-18 05:39:11,738 - token_tracker - DEBUG - Saved token usage summary to C:\Projects\project-workflow-guide w git support\scripts\..\logs\token_usage\token_usage_summary.json
2025-03-18 05:39:11,740 - token_tracker - DEBUG - Saved token usage summary to C:\Projects\project-workflow-guide w git support\scripts\..\logs\token_usage\token_usage_summary.json
2025-03-18 05:39:11,740 - token_tracker - INFO - Logged 1526 tokens ($0.014178) for task general: General Agent Task
2025-03-18 05:40:28,762 - token_tracker - DEBUG - Loaded token usage summary from C:\Projects\project-workflow-guide w git support\scripts\..\logs\token_usage\token_usage_summary.json
2025-03-18 05:40:28,763 - token_tracker - DEBUG - Loaded token usage summary from C:\Projects\project-workflow-guide w git support\scripts\..\logs\token_usage\token_usage_summary.json
2025-03-18 05:47:14,912 - token_tracker - DEBUG - Loaded token usage summary from C:\Projects\project-workflow-guide w git support\scripts\..\logs\token_usage\token_usage_summary.json
2025-03-18 05:47:14,913 - token_tracker - DEBUG - Loaded token usage summary from C:\Projects\project-workflow-guide w git support\scripts\..\logs\token_usage\token_usage_summary.json
2025-03-18 05:48:03,034 - token_tracker - DEBUG - Loaded token usage summary from C:\Projects\project-workflow-guide w git support\scripts\..\logs\token_usage\token_usage_summary.json
2025-03-18 05:48:03,035 - token_tracker - DEBUG - Loaded token usage summary from C:\Projects\project-workflow-guide w git support\scripts\..\logs\token_usage\token_usage_summary.json
2025-03-18 05:53:14,922 - token_tracker - DEBUG - Loaded token usage summary from C:\Projects\project-workflow-guide w git support\scripts\..\logs\token_usage\token_usage_summary.json
2025-03-18 05:53:14,923 - token_tracker - DEBUG - Loaded token usage summary from C:\Projects\project-workflow-guide w git support\scripts\..\logs\token_usage\token_usage_summary.json
2025-03-18 06:02:52,780 - token_tracker - DEBUG - Loaded token usage summary from C:\Projects\project-workflow-guide w git support\scripts\..\logs\token_usage\token_usage_summary.json
2025-03-18 06:02:52,781 - token_tracker - DEBUG - Loaded token usage summary from C:\Projects\project-workflow-guide w git support\scripts\..\logs\token_usage\token_usage_summary.json
2025-03-18 06:02:55,165 - token_tracker - DEBUG - Saved token usage summary to C:\Projects\project-workflow-guide w git support\scripts\..\logs\token_usage\token_usage_summary.json
2025-03-18 06:02:55,165 - token_tracker - INFO - Generated token saving tip for large prompt (5316 tokens)
2025-03-18 06:02:55,167 - token_tracker - DEBUG - Saved token usage summary to C:\Projects\project-workflow-guide w git support\scripts\..\logs\token_usage\token_usage_summary.json
2025-03-18 06:02:55,167 - token_tracker - INFO - Logged 6516 tokens ($0.033948) for task general: General Agent Task
2025-03-18 06:19:03,431 - token_tracker - DEBUG - Loaded token usage summary from C:\Projects\project-workflow-guide w git support\scripts\..\logs\token_usage\token_usage_summary.json
2025-03-18 06:19:03,442 - token_tracker - DEBUG - Loaded token usage summary from C:\Projects\project-workflow-guide w git support\scripts\..\logs\token_usage\token_usage_summary.json
2025-03-18 06:19:49,338 - token_tracker - DEBUG - Loaded token usage summary from C:\Projects\project-workflow-guide w git support\scripts\..\logs\token_usage\token_usage_summary.json
2025-03-18 06:19:49,339 - token_tracker - DEBUG - Loaded token usage summary from C:\Projects\project-workflow-guide w git support\scripts\..\logs\token_usage\token_usage_summary.json
2025-03-18 06:20:51,957 - token_tracker - DEBUG - Loaded token usage summary from C:\Projects\project-workflow-guide w git support\scripts\..\logs\token_usage\token_usage_summary.json
2025-03-18 06:20:51,958 - token_tracker - DEBUG - Loaded token usage summary from C:\Projects\project-workflow-guide w git support\scripts\..\logs\token_usage\token_usage_summary.json
